INFO 2025-08-21 10:01:59,478 log_decorator [START] transfer_confirm | IP=Unknown | Body=No body
ERROR 2025-08-21 10:01:59,481 log_decorator [ERROR] transfer_confirm | IP=Unknown | Time=0.003s | Error='ErrorResult' object has no attribute 'get'
INFO 2025-08-21 10:02:17,824 log_decorator [START] transfer_confirm | IP=Unknown | Body=No body
ERROR 2025-08-21 10:02:17,826 log_decorator [ERROR] transfer_confirm | IP=Unknown | Time=0.002s | Error='ErrorResult' object has no attribute 'get'
INFO 2025-08-21 10:03:04,577 log_decorator [START] transfer_confirm | IP=Unknown | Body=No body
ERROR 2025-08-21 10:03:04,579 log_decorator [ERROR] transfer_confirm | IP=Unknown | Time=0.003s | Error=isinstance() arg 2 must be a type, a tuple of types, or a union
INFO 2025-08-21 10:03:06,091 log_decorator [START] transfer_confirm | IP=Unknown | Body=No body
ERROR 2025-08-21 10:03:06,094 log_decorator [ERROR] transfer_confirm | IP=Unknown | Time=0.002s | Error=isinstance() arg 2 must be a type, a tuple of types, or a union
INFO 2025-08-21 10:04:14,687 log_decorator [START] transfer_confirm | IP=Unknown | Body=No body
INFO 2025-08-21 10:04:14,689 log_decorator [END] transfer_confirm | IP=Unknown | Time=0.003s | Response=Error: Transfer is not in created state (Code: 32706)
INFO 2025-08-21 10:04:24,148 log_decorator [START] transfer_confirm | IP=Unknown | Body=No body
INFO 2025-08-21 10:04:24,150 log_decorator [END] transfer_confirm | IP=Unknown | Time=0.003s | Response=Error: Transfer is not in created state (Code: 32706)
INFO 2025-08-21 10:04:31,878 log_decorator [START] transfer_create | IP=Unknown | Body=No body
INFO 2025-08-21 10:04:31,881 log_decorator [END] transfer_create | IP=Unknown | Time=0.003s | Response=Error: Ext id already exists (Code: 32701)
INFO 2025-08-21 10:04:38,395 log_decorator [START] transfer_create | IP=Unknown | Body=No body
INFO 2025-08-21 10:04:38,398 log_decorator [END] transfer_create | IP=Unknown | Time=0.003s | Response=Error: Ext id already exists (Code: 32701)
INFO 2025-08-21 10:04:40,057 log_decorator [START] transfer_create | IP=Unknown | Body=No body
INFO 2025-08-21 10:04:40,071 log_decorator [END] transfer_create | IP=Unknown | Time=0.014s | Response=Success: SuccessResult({'ext_id': 'tr_1', 'state': Transfer.State.CREATED, 'otp_sent': True})
INFO 2025-08-21 11:53:11,701 log_decorator [START] transfer_state | IP=Unknown | Body=No body
INFO 2025-08-21 11:53:11,704 log_decorator [END] transfer_state | IP=Unknown | Time=0.003s | Response=Success: SuccessResult({'ext_id': 'tr_00011', 'state': 'confirmed'})
INFO 2025-08-21 11:55:55,136 log_decorator [START] transfer_history | IP=Unknown | Body=No body
INFO 2025-08-21 11:55:55,139 log_decorator [END] transfer_history | IP=Unknown | Time=0.003s | Response=Success: SuccessResult([{'ext_id': 'tr_001', 'sending_amount': 1000.0, 'state': 'confirmed', 'created_at': '2025-08-18T13:33:52.479115+00:00'}, {'ext_id': 'tr_002', 'sending_amount': 1000.0, 'state': 'cancelled', 'created_at': '2025-08-18T13:38:59.521879+00:00'}, {'ext_id': 'tr_003', 'sending_amount': 1000.0, 'state': 'cancelled', 'created_at': '2025-08-18T13:53:25.905666+00:00'}, {'ext_id': 'tr_0001', 'sending_amount': 1000.0, 'state': 'created', 'created_at': '2025-08-19T07:21:14.593015+00:00'}, {'ext_id': 'tr_0009', 'sending_amount': 1000.0, 'state': 'cancelled', 'created_at': '2025-08-19T07:25:33.770309+00:00'}, {'ext_id': 'tr_00010', 'sending_amount': 1000.0, 'state': 'cancelled', 'created_at': '2025-08-20T19:39:39.747432+00:00'}, {'ext_id': 'tr_00011', 'sending_amount': 1000.0, 'state': 'confirmed', 'created_at': '2025-08-20T20:18:15.675567+00:00'}, {'ext_id': 'tr_1', 'sending_amount': 1000.0, 'state': 'created', 'created_at': '2025-08-21T05:04:40.061389+00:00'}])
